<?xml version="1.0" encoding="UTF-8"?>
<testng-results ignored="0" total="1" passed="1" failed="0" skipped="0">
  <reporter-output>
  </reporter-output>
  <suite started-at="2023-05-25T19:07:08 EDT" name="Default suite" finished-at="2023-05-25T19:07:10 EDT" duration-ms="1861">
    <groups>
    </groups>
    <test started-at="2023-05-25T19:07:08 EDT" name="Default test" finished-at="2023-05-25T19:07:10 EDT" duration-ms="1861">
      <class name="demo.DELETEDemo">
        <test-method signature="deleteResource()[pri:0, instance:demo.DELETEDemo@77f1baf5]" started-at="2023-05-25T19:07:08 EDT" name="deleteResource" finished-at="2023-05-25T19:07:10 EDT" duration-ms="1814" status="PASS">
          <reporter-output>
          </reporter-output>
        </test-method> <!-- deleteResource -->
      </class> <!-- demo.DELETEDemo -->
    </test> <!-- Default test -->
  </suite> <!-- Default suite -->
</testng-results>
